s:\github\hexgame\hexgame\hexgame\debug\vc140.pdb
s:\github\hexgame\hexgame\hexgame\debug\vc140.idb
s:\github\hexgame\hexgame\hexgame\debug\vc141.pdb
s:\github\hexgame\hexgame\hexgame\debug\vc141.idb
s:\github\hexgame\hexgame\hexgame\debug\hexgame.obj
s:\github\hexgame\hexgame\hexgame\debug\stdafx.obj
s:\github\hexgame\hexgame\hexgame\debug\graph.obj
s:\github\hexgame\hexgame\hexgame\debug\node.obj
s:\github\hexgame\hexgame\debug\hexgame.lib
s:\github\hexgame\hexgame\debug\hexgame.exp
s:\github\hexgame\hexgame\debug\hexgame.ilk
s:\github\hexgame\hexgame\debug\hexgame.exe
s:\github\hexgame\hexgame\debug\hexgame.pdb
s:\github\hexgame\hexgame\hexgame\debug\hexgame.tlog\cl.command.1.tlog
s:\github\hexgame\hexgame\hexgame\debug\hexgame.tlog\cl.read.1.tlog
s:\github\hexgame\hexgame\hexgame\debug\hexgame.tlog\cl.write.1.tlog
s:\github\hexgame\hexgame\hexgame\debug\hexgame.tlog\hexgame.write.1u.tlog
s:\github\hexgame\hexgame\hexgame\debug\hexgame.tlog\link.command.1.tlog
s:\github\hexgame\hexgame\hexgame\debug\hexgame.tlog\link.delete.1.tlog
s:\github\hexgame\hexgame\hexgame\debug\hexgame.tlog\link.read.1.tlog
s:\github\hexgame\hexgame\hexgame\debug\hexgame.tlog\link.write.1.tlog
